<?xml version="1.0" encoding="UTF-8"?>
<testsuite xmlns:xsi="http://www.w3.org/2001/XMLSchema-instance" xsi:noNamespaceSchemaLocation="https://maven.apache.org/surefire/maven-surefire-plugin/xsd/surefire-test-report-3.0.xsd" version="3.0" name="com.yash.leetcode.JudgeFactoryTest" time="0.19" tests="4" errors="0" skipped="0" failures="0">
  <properties>
[...]
</properties>
  <testcase name="returnsTheRightJudgeTypePerLanguage" classname="com.yash.leetcode.JudgeFactoryTest" time="0.089"/>
  <testcase name="evaluatesAMalformedSubmissionAsFailed" classname="com.yash.leetcode.JudgeFactoryTest" time="0.011">
    <system-out><![CDATA[[PythonJudge] running with the CPython interpreter...
]]></system-out>
  </testcase>
  <testcase name="throwsForAnUnknownLanguage" classname="com.yash.leetcode.JudgeFactoryTest" time="0.008"/>
  <testcase name="evaluatesAPassingJavaSubmissionAsPassed" classname="com.yash.leetcode.JudgeFactoryTest" time="0.005">
    <system-out><![CDATA[[JavaJudge] compiling with javac, running on JVM...
]]></system-out>
  </testcase>
</testsuite>